<?xml version="1.0" encoding="UTF-8"?>
<!-- Generated by org.testng.reporters.JUnitReportReporter -->
<testsuite skipped="0" hostname="DESKTOP-25SF9OQ" name="SeleniumTests.Test1" tests="1" failures="0" timestamp="02 May 2021 14:39:33 GMT" time="0.008" errors="0">
  <testcase name="add" time="0.008" classname="SeleniumTests.Test1"/>
</testsuite> <!-- SeleniumTests.Test1 -->
