<?xml version="1.0" encoding="UTF-8"?>
<!-- Generated by org.testng.reporters.JUnitReportReporter -->
<testsuite skipped="0" hostname="DESKTOP-25SF9OQ" name="tests.RadioButtons" tests="2" failures="0" timestamp="02 May 2021 11:51:05 GMT" time="0.008" errors="0">
  <testcase name="vtest" time="0.000" classname="tests.RadioButtons"/>
  <testcase name="radiotest" time="0.008" classname="tests.RadioButtons"/>
</testsuite> <!-- tests.RadioButtons -->
